
> nuvem-mestra---aws-trainer@0.0.0 dev
> vite --host 0.0.0.0 --port 5173


  [32m[1mVITE[22m v6.3.6[39m  [2mready in [0m[1m292[22m[2m[0m ms[22m

  [32m➜[39m  [1mLocal[22m:   [36mhttp://localhost:[1m5173[22m/[39m
  [32m➜[39m  [1mNetwork[22m: [36mhttp://172.20.32.1:[1m5173[22m/[39m
  [32m➜[39m  [1mNetwork[22m: [36mhttp://192.168.1.124:[1m5173[22m/[39m
  [32m➜[39m  [1mNetwork[22m: [36mhttp://172.17.144.1:[1m5173[22m/[39m
[2m[32m  ➜[39m[22m[2m  press [22m[1mh + enter[22m[2m to show help[22m
[2m10:17:22[22m [36m[1m[vite][22m[39m [90m[2m(client)[22m[39m [32mhmr update [39m[2m/screens/QuizScreen.tsx[22m
[2m10:19:23[22m [36m[1m[vite][22m[39m [90m[2m(client)[22m[39m [32mhmr update [39m[2m/screens/QuizScreen.tsx[22m
[2m10:30:33[22m [36m[1m[vite][22m[39m [90m[2m(client)[22m[39m [32mhmr update [39m[2m/components/common/DomainTag.tsx[22m
[2m10:31:37[22m [36m[1m[vite][22m[39m [90m[2m(client)[22m[39m [32mhmr update [39m[2m/components/common/DomainTag.tsx[22m
[2m10:32:07[22m [36m[1m[vite][22m[39m [90m[2m(client)[22m[39m [32mhmr update [39m[2m/components/common/DomainTag.tsx[22m
[2m10:32:22[22m [36m[1m[vite][22m[39m [90m[2m(client)[22m[39m [32mhmr update [39m[2m/App.tsx, /screens/DominiosScreen.tsx, /screens/ReviewScreen.tsx, /screens/ResultScreen.tsx, /screens/QuizScreen.tsx, /components/ui/Modal.tsx, /components/ui/Button.tsx, /components/quiz/QuestionViewer.tsx, /components/ui/Input.tsx, /components/common/DomainTag.tsx, /components/charts/DonutChart.tsx, /components/common/Logo.tsx[22m
[2m10:36:48[22m [36m[1m[vite][22m[39m [90m[2m(client)[22m[39m [32mhmr update [39m[2m/screens/ResultScreen.tsx[22m
[2m10:38:36[22m [36m[1m[vite][22m[39m [90m[2m(client)[22m[39m [32mhmr update [39m[2m/screens/ResultScreen.tsx[22m
[2m10:40:08[22m [36m[1m[vite][22m[39m [90m[2m(client)[22m[39m [32mhmr update [39m[2m/screens/ResultScreen.tsx[22m
[2m11:18:17[22m [36m[1m[vite][22m[39m [90m[2m(client)[22m[39m [32mhmr update [39m[2m/App.tsx, /screens/ReviewScreen.tsx, /screens/QuizScreen.tsx[22m
[2m11:22:56[22m [36m[1m[vite][22m[39m [90m[2m(client)[22m[39m [32mpage reload [39m[2msrc/i18n/locales/pt-BR/landing.json[22m
[2m11:23:18[22m [36m[1m[vite][22m[39m [90m[2m(client)[22m[39m [32mpage reload [39m[2msrc/i18n/locales/pt-BR/landing.json[22m
[2m11:23:48[22m [36m[1m[vite][22m[39m [90m[2m(client)[22m[39m [32mpage reload [39m[2msrc/i18n/locales/pt-BR/landing.json[22m
[2m11:24:28[22m [36m[1m[vite][22m[39m [90m[2m(client)[22m[39m [32mpage reload [39m[2msrc/i18n/locales/pt-BR/landing.json[22m
[2m11:26:22[22m [36m[1m[vite][22m[39m [90m[2m(client)[22m[39m [32mhmr update [39m[2m/App.tsx, /screens/QuizScreen.tsx, /screens/Painel.tsx[22m
[2m11:26:45[22m [36m[1m[vite][22m[39m [90m[2m(client)[22m[39m [32mhmr update [39m[2m/screens/LandingPage.tsx[22m
